%!Adobe-FontList 1.25
%Locale:0x40c

%BeginFont
Handler:DirectoryHandler
FontType:TrueType
FontName:SueEllenFrancisco
FamilyName:Sue Ellen Francisco 
StyleName:Regular
FullName:Sue Ellen Francisco 
MenuName:Sue Ellen Francisco 
StyleBits:0
WritingScript:Roman
OutlineFileName:C:\Users\oussama.benyamoun\Downloads\Test Le château\Dossier textes conditionnels 4\Document fonts\SueEllenFrancisco-Regular.ttf
DataFormat:sfntData
hasSVG:no
hasCOLR:no
VariableFontType:NonVariableFont
FileLength:54056
FileModTime:1768848647
WeightClass:400
WidthClass:5
AngleClass:0
NameArray:0,Win,1,Sue Ellen Francisco 
%EndFont

